<?xml version="1.0" encoding="UTF-8"?>
<!-- Generated by org.testng.reporters.JUnitReportReporter -->
<testsuite hostname="FFE-Subham-Vishwakarma" failures="0" tests="1" name="com.comcast.ecommerce.PracticeTest.WriteDataInExcel" time="1.351" errors="0" timestamp="2024-07-15T11:26:24 IST" skipped="0">
  <testcase classname="com.comcast.ecommerce.PracticeTest.WriteDataInExcel" name="sampleTest" time="1.351"/>
  <system-out/>
</testsuite> <!-- com.comcast.ecommerce.PracticeTest.WriteDataInExcel -->
