<?xml version="1.0" encoding="UTF-8"?>
<!-- Generated by org.testng.reporters.JUnitReportReporter -->
<testsuite hostname="FFE-Subham-Vishwakarma" failures="0" tests="1" name="com.comcast.ecommerce.PracticeTest.CaptureScreenShot" time="7.357" errors="0" timestamp="2024-07-13T23:39:10 IST" skipped="0">
  <testcase classname="com.comcast.ecommerce.PracticeTest.CaptureScreenShot" name="sampleTest" time="7.357"/>
  <system-out/>
</testsuite> <!-- com.comcast.ecommerce.PracticeTest.CaptureScreenShot -->
