<?xml version="1.0" encoding="UTF-8"?>
<!-- Generated by org.testng.reporters.JUnitReportReporter -->
<testsuite hostname="FFE-Subham-Vishwakarma" failures="0" tests="3" name="com.comcast.ecommerce.PracticeTest.DataProvider" time="14.065" errors="0" timestamp="2024-07-15T11:54:50 IST" skipped="0">
  <testcase classname="com.comcast.ecommerce.PracticeTest.DataProvider" name="sampleTest" time="4.547"/>
  <system-out/>
  <testcase classname="com.comcast.ecommerce.PracticeTest.DataProvider" name="sampleTest" time="5.024"/>
  <system-out/>
  <testcase classname="com.comcast.ecommerce.PracticeTest.DataProvider" name="sampleTest" time="4.494"/>
  <system-out/>
</testsuite> <!-- com.comcast.ecommerce.PracticeTest.DataProvider -->
