<?xml version="1.0" encoding="UTF-8"?>
<!-- Generated by org.testng.reporters.JUnitReportReporter -->
<testsuite hostname="FFE-Subham-Vishwakarma" failures="0" tests="1" name="com.comcast.ecommerce.PracticeTest.practice" time="1.196" errors="0" timestamp="2024-07-15T11:29:35 IST" skipped="0">
  <testcase classname="com.comcast.ecommerce.PracticeTest.practice" name="sampleTest" time="1.196"/>
  <system-out/>
</testsuite> <!-- com.comcast.ecommerce.PracticeTest.practice -->
