<?xml version="1.0" encoding="UTF-8"?>
<!-- Generated by org.testng.reporters.JUnitReportReporter -->
<testsuite hostname="FFE-Subham-Vishwakarma" failures="0" tests="1" name="com.comcast.ecommerce.PracticeTest.sampleTest2" time="4.512" errors="0" timestamp="2024-07-15T12:50:36 IST" skipped="0">
  <testcase classname="com.comcast.ecommerce.PracticeTest.sampleTest2" name="sampleTest" time="4.512"/>
  <system-out/>
</testsuite> <!-- com.comcast.ecommerce.PracticeTest.sampleTest2 -->
